<?xml version="1.0" encoding="UTF-8"?>
<!-- Generated by org.testng.reporters.JUnitReportReporter -->
<testsuite hostname="US3B7Z2PF6" failures="0" tests="6" name="api.test.DataDrivenTests" time="11.280" errors="0" timestamp="2025-07-08T23:16:49 IST" skipped="0">
  <testcase classname="api.test.DataDrivenTests" name="testPostUser" time="1.538"/>
  <testcase classname="api.test.DataDrivenTests" name="testPostUser" time="1.389"/>
  <testcase classname="api.test.DataDrivenTests" name="testPostUser" time="4.058"/>
  <testcase classname="api.test.DataDrivenTests" name="testGetUser" time="1.429"/>
  <testcase classname="api.test.DataDrivenTests" name="testGetUser" time="1.432"/>
  <testcase classname="api.test.DataDrivenTests" name="testGetUser" time="1.434"/>
</testsuite> <!-- api.test.DataDrivenTests -->
