<?xml version="1.0" encoding="UTF-8"?>
<!-- Generated by org.testng.reporters.JUnitReportReporter -->
<testsuite hostname="US3B7Z2PF6" failures="0" tests="6" name="api.test.DataDrivenTests" time="10.422" errors="0" timestamp="2025-07-09T18:10:12 IST" skipped="0">
  <testcase classname="api.test.DataDrivenTests" name="testPostUser" time="3.335"/>
  <testcase classname="api.test.DataDrivenTests" name="testPostUser" time="1.430"/>
  <testcase classname="api.test.DataDrivenTests" name="testPostUser" time="1.470"/>
  <testcase classname="api.test.DataDrivenTests" name="testGetUser" time="1.529"/>
  <testcase classname="api.test.DataDrivenTests" name="testGetUser" time="1.431"/>
  <testcase classname="api.test.DataDrivenTests" name="testGetUser" time="1.227"/>
</testsuite> <!-- api.test.DataDrivenTests -->
